<?xml version="1.0" encoding="UTF-8"?>
<!-- Generated by org.testng.reporters.JUnitReportReporter -->
<testsuite hostname="DESKTOP-TRAEU78" failures="0" tests="2" name="testNg.Assertion" time="21.603" errors="0" timestamp="2024-06-09T21:25:31 IST" skipped="0">
  <testcase classname="testNg.Assertion" name="enterLocation" time="13.357"/>
  <testcase classname="testNg.Assertion" name="enterSkills" time="8.246"/>
</testsuite> <!-- testNg.Assertion -->
