<?xml version="1.0" encoding="UTF-8"?>
<!-- Generated by org.testng.reporters.JUnitReportReporter -->
<testsuite hostname="DESKTOP-TRAEU78" failures="0" tests="1" name="testNg.UpdateProfile" time="13.046" errors="0" timestamp="2024-06-10T12:45:17 IST" skipped="0">
  <testcase classname="testNg.UpdateProfile" name="loginButtonClick" time="13.046"/>
</testsuite> <!-- testNg.UpdateProfile -->
